<?xml version="1.0" encoding="UTF-8"?>
<testng-results skipped="0" failed="0" ignored="0" total="1" passed="1">
  <reporter-output>
  </reporter-output>
  <suite name="All Test Suite" duration-ms="18621" started-at="2023-07-12T17:00:15 IST" finished-at="2023-07-12T17:00:33 IST">
    <groups>
      <group name="cucumber">
        <method signature="AbstractTestNGCucumberTests.runScenario(io.cucumber.testng.PickleWrapper,io.cucumber.testng.FeatureWrapper)[pri:0, instance:runner.testRunner@74ad1f1f]" name="runScenario" class="io.cucumber.testng.AbstractTestNGCucumberTests"/>
      </group> <!-- cucumber -->
    </groups>
    <test name="Login" duration-ms="18621" started-at="2023-07-12T17:00:15 IST" finished-at="2023-07-12T17:00:33 IST">
      <class name="runner.testRunner">
        <test-method status="PASS" signature="setUp(java.lang.String)[pri:0, instance:runner.testRunner@74ad1f1f]" name="setUp" is-config="true" duration-ms="12429" started-at="2023-07-12T17:00:15 IST" finished-at="2023-07-12T17:00:27 IST">
          <params>
            <param index="0">
              <value>
                <![CDATA[chrome]]>
              </value>
            </param>
          </params>
          <reporter-output>
          </reporter-output>
        </test-method> <!-- setUp -->
        <test-method status="PASS" signature="setUpClass(org.testng.ITestContext)[pri:0, instance:runner.testRunner@74ad1f1f]" name="setUpClass" is-config="true" duration-ms="1811" started-at="2023-07-12T17:00:27 IST" finished-at="2023-07-12T17:00:29 IST">
          <params>
            <param index="0">
              <value>
                <![CDATA[org.testng.TestRunner@3b009e7b]]>
              </value>
            </param>
          </params>
          <reporter-output>
          </reporter-output>
        </test-method> <!-- setUpClass -->
        <test-method status="PASS" signature="beforeClass()[pri:0, instance:runner.testRunner@74ad1f1f]" name="beforeClass" is-config="true" duration-ms="2" started-at="2023-07-12T17:00:29 IST" finished-at="2023-07-12T17:00:29 IST">
          <reporter-output>
          </reporter-output>
        </test-method> <!-- beforeClass -->
        <test-method status="PASS" signature="runScenario(io.cucumber.testng.PickleWrapper,io.cucumber.testng.FeatureWrapper)[pri:0, instance:runner.testRunner@74ad1f1f]" name="runScenario" duration-ms="3409" started-at="2023-07-12T17:00:29 IST" description="Runs Cucumber Scenarios" data-provider="scenarios" finished-at="2023-07-12T17:00:33 IST">
          <params>
            <param index="0">
              <value>
                <![CDATA["Validate login with valid credentials"]]>
              </value>
            </param>
            <param index="1">
              <value>
                <![CDATA["Optional[Login Page]"]]>
              </value>
            </param>
          </params>
          <reporter-output>
          </reporter-output>
        </test-method> <!-- runScenario -->
        <test-method status="PASS" signature="tearDownClass()[pri:0, instance:runner.testRunner@74ad1f1f]" name="tearDownClass" is-config="true" duration-ms="916" started-at="2023-07-12T17:00:33 IST" finished-at="2023-07-12T17:00:33 IST">
          <reporter-output>
          </reporter-output>
        </test-method> <!-- tearDownClass -->
      </class> <!-- runner.testRunner -->
    </test> <!-- Login -->
  </suite> <!-- All Test Suite -->
</testng-results>
